Build started 1/13/2013 7:21:26 AM.
     1>Project "C:\Users\darrell\Documents\Visual Studio 2010\Projects\Tank\Tank\D3DLab1\D3DLab1.vcxproj" on node 2 (build target(s)).
     1>InitializeBuildStatus:
         Creating "Release\Tank Revised.unsuccessfulbuild" because "AlwaysCreate" was specified.
       ClCompile:
         All outputs are up-to-date.
         c:\Program Files (x86)\Microsoft Visual Studio 10.0\VC\bin\CL.exe /c /Zi /nologo /W3 /WX- /O2 /Oi /Oy- /GL /D WIN32 /D NDEBUG /D _WINDOWS /D _UNICODE /D UNICODE /Gm- /EHsc /MD /GS /Gy /fp:precise /Zc:wchar_t /Zc:forScope /Fo"Release\\" /Fd"Release\vc100.pdb" /Gd /TP /analyze- /errorReport:prompt BiPlane.cpp DirectXFramework.cpp PlanePath.cpp Projectile.cpp ScoreBoard.cpp WinMain.cpp
         BiPlane.cpp
     1>BiPlane.cpp(26): warning C4101: 'lhRc' : unreferenced local variable
         DirectXFramework.cpp
         C:\Program Files (x86)\Microsoft DirectX SDK (June 2010)\Include\dinput.h: DIRECTINPUT_VERSION undefined. Defaulting to version 0x0800
     1>c:\users\darrell\documents\visual studio 2010\projects\tank\tank\d3dlab1\DirectXFramework.h(30): warning C4005: 'DIRECTINPUT_VERSION' : macro redefinition
                 C:\Program Files (x86)\Microsoft DirectX SDK (June 2010)\Include\dinput.h(42) : see previous definition of 'DIRECTINPUT_VERSION'
     1>DirectXFramework.cpp(122): warning C4996: 'wcscpy': This function or variable may be unsafe. Consider using wcscpy_s instead. To disable deprecation, use _CRT_SECURE_NO_WARNINGS. See online help for details.
                 c:\Program Files (x86)\Microsoft Visual Studio 10.0\VC\include\string.h(283) : see declaration of 'wcscpy'
     1>DirectXFramework.cpp(280): warning C4244: '=' : conversion from 'int' to 'float', possible loss of data
     1>DirectXFramework.cpp(284): warning C4244: 'argument' : conversion from 'time_t' to 'unsigned int', possible loss of data
     1>DirectXFramework.cpp(462): warning C4244: '=' : conversion from 'int' to 'float', possible loss of data
     1>DirectXFramework.cpp(466): warning C4244: '=' : conversion from 'int' to 'float', possible loss of data
     1>DirectXFramework.cpp(467): warning C4244: '=' : conversion from 'int' to 'float', possible loss of data
     1>DirectXFramework.cpp(470): warning C4244: '=' : conversion from 'int' to 'float', possible loss of data
     1>DirectXFramework.cpp(472): warning C4244: 'initializing' : conversion from 'int' to 'float', possible loss of data
     1>DirectXFramework.cpp(475): warning C4244: '=' : conversion from 'int' to 'float', possible loss of data
     1>DirectXFramework.cpp(635): warning C4244: 'initializing' : conversion from 'int' to 'float', possible loss of data
     1>DirectXFramework.cpp(667): warning C4244: '=' : conversion from 'int' to 'float', possible loss of data
     1>DirectXFramework.cpp(734): warning C4244: '=' : conversion from 'int' to 'float', possible loss of data
     1>DirectXFramework.cpp(735): warning C4244: '=' : conversion from 'float' to 'int', possible loss of data
     1>DirectXFramework.cpp(785): warning C4244: '=' : conversion from 'int' to 'float', possible loss of data
     1>DirectXFramework.cpp(803): warning C4244: '=' : conversion from 'int' to 'float', possible loss of data
     1>DirectXFramework.cpp(1077): warning C4244: '=' : conversion from 'int' to 'float', possible loss of data
     1>DirectXFramework.cpp(1538): warning C4244: 'argument' : conversion from 'int' to 'FLOAT', possible loss of data
     1>DirectXFramework.cpp(1612): warning C4996: 'sprintf': This function or variable may be unsafe. Consider using sprintf_s instead. To disable deprecation, use _CRT_SECURE_NO_WARNINGS. See online help for details.
                 c:\Program Files (x86)\Microsoft Visual Studio 10.0\VC\include\stdio.h(371) : see declaration of 'sprintf'
     1>DirectXFramework.cpp(1621): warning C4996: 'sprintf': This function or variable may be unsafe. Consider using sprintf_s instead. To disable deprecation, use _CRT_SECURE_NO_WARNINGS. See online help for details.
                 c:\Program Files (x86)\Microsoft Visual Studio 10.0\VC\include\stdio.h(371) : see declaration of 'sprintf'
     1>DirectXFramework.cpp(1630): warning C4996: 'sprintf': This function or variable may be unsafe. Consider using sprintf_s instead. To disable deprecation, use _CRT_SECURE_NO_WARNINGS. See online help for details.
                 c:\Program Files (x86)\Microsoft Visual Studio 10.0\VC\include\stdio.h(371) : see declaration of 'sprintf'
     1>DirectXFramework.cpp(1639): warning C4996: 'sprintf': This function or variable may be unsafe. Consider using sprintf_s instead. To disable deprecation, use _CRT_SECURE_NO_WARNINGS. See online help for details.
                 c:\Program Files (x86)\Microsoft Visual Studio 10.0\VC\include\stdio.h(371) : see declaration of 'sprintf'
     1>DirectXFramework.cpp(1648): warning C4996: 'sprintf': This function or variable may be unsafe. Consider using sprintf_s instead. To disable deprecation, use _CRT_SECURE_NO_WARNINGS. See online help for details.
                 c:\Program Files (x86)\Microsoft Visual Studio 10.0\VC\include\stdio.h(371) : see declaration of 'sprintf'
     1>DirectXFramework.cpp(1274): warning C4101: 'count' : unreferenced local variable
         PlanePath.cpp
     1>PlanePath.cpp(37): warning C4305: 'initializing' : truncation from 'double' to 'float'
     1>PlanePath.cpp(42): warning C4305: 'initializing' : truncation from 'double' to 'float'
     1>PlanePath.cpp(43): warning C4305: 'initializing' : truncation from 'double' to 'float'
     1>PlanePath.cpp(44): warning C4305: 'initializing' : truncation from 'double' to 'float'
     1>PlanePath.cpp(45): warning C4305: 'initializing' : truncation from 'double' to 'float'
     1>PlanePath.cpp(46): warning C4305: 'initializing' : truncation from 'double' to 'float'
     1>PlanePath.cpp(47): warning C4305: 'initializing' : truncation from 'double' to 'float'
     1>PlanePath.cpp(48): warning C4305: 'initializing' : truncation from 'double' to 'float'
     1>PlanePath.cpp(49): warning C4305: 'initializing' : truncation from 'double' to 'float'
     1>PlanePath.cpp(50): warning C4305: 'initializing' : truncation from 'double' to 'float'
     1>PlanePath.cpp(51): warning C4305: 'initializing' : truncation from 'double' to 'float'
     1>PlanePath.cpp(52): warning C4305: 'initializing' : truncation from 'double' to 'float'
     1>PlanePath.cpp(53): warning C4305: 'initializing' : truncation from 'double' to 'float'
     1>PlanePath.cpp(54): warning C4305: 'initializing' : truncation from 'double' to 'float'
     1>PlanePath.cpp(55): warning C4305: 'initializing' : truncation from 'double' to 'float'
     1>PlanePath.cpp(56): warning C4305: 'initializing' : truncation from 'double' to 'float'
     1>PlanePath.cpp(57): warning C4305: 'initializing' : truncation from 'double' to 'float'
     1>PlanePath.cpp(58): warning C4305: 'initializing' : truncation from 'double' to 'float'
     1>PlanePath.cpp(59): warning C4305: 'initializing' : truncation from 'double' to 'float'
     1>PlanePath.cpp(60): warning C4305: 'initializing' : truncation from 'double' to 'float'
     1>PlanePath.cpp(61): warning C4305: 'initializing' : truncation from 'double' to 'float'
     1>PlanePath.cpp(62): warning C4305: 'initializing' : truncation from 'double' to 'float'
     1>PlanePath.cpp(63): warning C4305: 'initializing' : truncation from 'double' to 'float'
     1>PlanePath.cpp(64): warning C4305: 'initializing' : truncation from 'double' to 'float'
     1>PlanePath.cpp(65): warning C4305: 'initializing' : truncation from 'double' to 'float'
     1>PlanePath.cpp(66): warning C4305: 'initializing' : truncation from 'double' to 'float'
     1>PlanePath.cpp(67): warning C4305: 'initializing' : truncation from 'double' to 'float'
     1>PlanePath.cpp(68): warning C4305: 'initializing' : truncation from 'double' to 'float'
     1>PlanePath.cpp(69): warning C4305: 'initializing' : truncation from 'double' to 'float'
     1>PlanePath.cpp(70): warning C4305: 'initializing' : truncation from 'double' to 'float'
     1>PlanePath.cpp(71): warning C4305: 'initializing' : truncation from 'double' to 'float'
     1>PlanePath.cpp(72): warning C4305: 'initializing' : truncation from 'double' to 'float'
     1>PlanePath.cpp(73): warning C4305: 'initializing' : truncation from 'double' to 'float'
     1>PlanePath.cpp(74): warning C4305: 'initializing' : truncation from 'double' to 'float'
     1>PlanePath.cpp(75): warning C4305: 'initializing' : truncation from 'double' to 'float'
     1>PlanePath.cpp(76): warning C4305: 'initializing' : truncation from 'double' to 'float'
     1>PlanePath.cpp(77): warning C4305: 'initializing' : truncation from 'double' to 'float'
     1>PlanePath.cpp(78): warning C4305: 'initializing' : truncation from 'double' to 'float'
     1>PlanePath.cpp(79): warning C4305: 'initializing' : truncation from 'double' to 'float'
     1>PlanePath.cpp(80): warning C4305: 'initializing' : truncation from 'double' to 'float'
     1>PlanePath.cpp(81): warning C4305: 'initializing' : truncation from 'double' to 'float'
     1>PlanePath.cpp(82): warning C4305: 'initializing' : truncation from 'double' to 'float'
     1>PlanePath.cpp(83): warning C4305: 'initializing' : truncation from 'double' to 'float'
     1>PlanePath.cpp(84): warning C4305: 'initializing' : truncation from 'double' to 'float'
     1>PlanePath.cpp(85): warning C4305: 'initializing' : truncation from 'double' to 'float'
     1>PlanePath.cpp(86): warning C4305: 'initializing' : truncation from 'double' to 'float'
     1>PlanePath.cpp(87): warning C4305: 'initializing' : truncation from 'double' to 'float'
     1>PlanePath.cpp(88): warning C4305: 'initializing' : truncation from 'double' to 'float'
     1>PlanePath.cpp(89): warning C4305: 'initializing' : truncation from 'double' to 'float'
     1>PlanePath.cpp(90): warning C4305: 'initializing' : truncation from 'double' to 'float'
     1>PlanePath.cpp(91): warning C4305: 'initializing' : truncation from 'double' to 'float'
     1>PlanePath.cpp(92): warning C4305: 'initializing' : truncation from 'double' to 'float'
     1>PlanePath.cpp(93): warning C4305: 'initializing' : truncation from 'double' to 'float'
     1>PlanePath.cpp(94): warning C4305: 'initializing' : truncation from 'double' to 'float'
     1>PlanePath.cpp(95): warning C4305: 'initializing' : truncation from 'double' to 'float'
     1>PlanePath.cpp(96): warning C4305: 'initializing' : truncation from 'double' to 'float'
     1>PlanePath.cpp(97): warning C4305: 'initializing' : truncation from 'double' to 'float'
     1>PlanePath.cpp(98): warning C4305: 'initializing' : truncation from 'double' to 'float'
     1>PlanePath.cpp(99): warning C4305: 'initializing' : truncation from 'double' to 'float'
     1>PlanePath.cpp(143): warning C4244: '=' : conversion from 'float' to 'int', possible loss of data
     1>PlanePath.cpp(148): warning C4244: '=' : conversion from 'float' to 'int', possible loss of data
     1>PlanePath.cpp(177): warning C4244: '=' : conversion from 'double' to 'float', possible loss of data
         Projectile.cpp
     1>Projectile.cpp(17): warning C4101: 'lhRc' : unreferenced local variable
     1>Projectile.cpp(18): warning C4101: 'ErrorMessage' : unreferenced local variable
         ScoreBoard.cpp
     1>ScoreBoard.cpp(20): warning C4018: '<' : signed/unsigned mismatch
     1>ScoreBoard.cpp(51): warning C4244: '=' : conversion from 'float' to 'int', possible loss of data
     1>ScoreBoard.cpp(62): warning C4101: 'hwnd_ed_1' : unreferenced local variable
     1>ScoreBoard.cpp(60): warning C4101: 'Name' : unreferenced local variable
     1>ScoreBoard.cpp(104): warning C4996: 'sprintf': This function or variable may be unsafe. Consider using sprintf_s instead. To disable deprecation, use _CRT_SECURE_NO_WARNINGS. See online help for details.
                 c:\Program Files (x86)\Microsoft Visual Studio 10.0\VC\include\stdio.h(371) : see declaration of 'sprintf'
     1>ScoreBoard.cpp(105): warning C4996: 'mbstowcs': This function or variable may be unsafe. Consider using mbstowcs_s instead. To disable deprecation, use _CRT_SECURE_NO_WARNINGS. See online help for details.
                 c:\Program Files (x86)\Microsoft Visual Studio 10.0\VC\include\stdlib.h(498) : see declaration of 'mbstowcs'
         WinMain.cpp
         C:\Program Files (x86)\Microsoft DirectX SDK (June 2010)\Include\dinput.h: DIRECTINPUT_VERSION undefined. Defaulting to version 0x0800
     1>c:\users\darrell\documents\visual studio 2010\projects\tank\tank\d3dlab1\DirectXFramework.h(30): warning C4005: 'DIRECTINPUT_VERSION' : macro redefinition
                 C:\Program Files (x86)\Microsoft DirectX SDK (June 2010)\Include\dinput.h(42) : see previous definition of 'DIRECTINPUT_VERSION'
       Link:
         c:\Program Files (x86)\Microsoft Visual Studio 10.0\VC\bin\link.exe /ERRORREPORT:PROMPT /OUT:"C:\Users\darrell\Documents\Visual Studio 2010\Projects\Tank\Tank\Release\Tank Revised.exe" /INCREMENTAL:NO /NOLOGO dinput8.lib dxguid.lib strmiids.lib fmodex_vc.lib dxerr.lib kernel32.lib user32.lib gdi32.lib winspool.lib comdlg32.lib advapi32.lib shell32.lib ole32.lib oleaut32.lib uuid.lib odbc32.lib odbccp32.lib /MANIFEST /ManifestFile:"Release\Tank Revised.exe.intermediate.manifest" /MANIFESTUAC:"level='asInvoker' uiAccess='false'" /DEBUG /PDB:"C:\Users\darrell\Documents\Visual Studio 2010\Projects\Tank\Tank\Release\Tank Revised.pdb" /SUBSYSTEM:WINDOWS /OPT:REF /OPT:ICF /LTCG /TLBID:1 /DYNAMICBASE /NXCOMPAT /IMPLIB:"C:\Users\darrell\Documents\Visual Studio 2010\Projects\Tank\Tank\Release\Tank Revised.lib" /MACHINE:X86 Release\BiPlane.obj
         Release\DirectXFramework.obj
         Release\PlanePath.obj
         Release\Projectile.obj
         Release\ScoreBoard.obj
         Release\WinMain.obj
         Generating code
         Finished generating code
         D3DLab1.vcxproj -> C:\Users\darrell\Documents\Visual Studio 2010\Projects\Tank\Tank\Release\Tank Revised.exe
       Manifest:
         C:\Program Files (x86)\Microsoft SDKs\Windows\v7.0A\bin\mt.exe /nologo /verbose /outputresource:"C:\Users\darrell\Documents\Visual Studio 2010\Projects\Tank\Tank\Release\Tank Revised.exe;#1" /manifest "Release\Tank Revised.exe.intermediate.manifest"
       FinalizeBuildStatus:
         Deleting file "Release\Tank Revised.unsuccessfulbuild".
         Touching "Release\Tank Revised.lastbuildstate".
     1>Done Building Project "C:\Users\darrell\Documents\Visual Studio 2010\Projects\Tank\Tank\D3DLab1\D3DLab1.vcxproj" (build target(s)).

Build succeeded.

Time Elapsed 00:00:07.74
